# JRE version: OpenJDK Runtime Environment Microsoft-8035246 (17.0.8+7) (build 17.0.8+7-LTS)
# Java VM: OpenJDK 64-Bit Server VM Microsoft-8035246 (17.0.8+7-LTS, mixed mode, sharing, tiered, compressed oops, compressed class ptrs, g1 gc, windows-amd64)
GC Precious Log:
 CPUs: 4 total, 4 available
 Memory: 20396M
 Large Page Support: Disabled
 NUMA Support: Disabled
 Compressed Oops: Enabled (32-bit)
 Heap Region Size: 1M
 Heap Min Capacity: 8M
 Heap Initial Capacity: 320M
 Heap Max Capacity: 2G
 Pre-touch: Disabled
 Parallel Workers: 4
 Concurrent Workers: 1
 Concurrent Refinement Workers: 4
 Periodic GC: Disabled
Heap:
 garbage-first heap   total 495616K, used 223344K [0x0000000080000000, 0x0000000100000000)
  region size 1024K, 28 young (28672K), 15 survivors (15360K)
 Metaspace       used 103979K, committed 105152K, reserved 557056K
  class space    used 14539K, committed 15104K, reserved 425984K
GC Heap History (20 events):
Event: 60.294 GC heap before
{Heap before GC invocations=44 (full 0):
 garbage-first heap   total 224256K, used 188952K [0x0000000080000000, 0x0000000100000000)
  region size 1024K, 77 young (78848K), 5 survivors (5120K)
 Metaspace       used 90015K, committed 90944K, reserved 557056K
  class space    used 12656K, committed 13056K, reserved 425984K
}
Event: 60.316 GC heap after
{Heap after GC invocations=45 (full 0):
 garbage-first heap   total 224256K, used 132617K [0x0000000080000000, 0x0000000100000000)
  region size 1024K, 10 young (10240K), 10 survivors (10240K)
 Metaspace       used 90015K, committed 90944K, reserved 557056K
  class space    used 12656K, committed 13056K, reserved 425984K
}
Event: 60.345 GC heap before
{Heap before GC invocations=45 (full 0):
 garbage-first heap   total 224256K, used 133641K [0x0000000080000000, 0x0000000100000000)
  region size 1024K, 11 young (11264K), 10 survivors (10240K)
 Metaspace       used 90048K, committed 91008K, reserved 557056K
  class space    used 12663K, committed 13120K, reserved 425984K
}
Event: 60.362 GC heap after
{Heap after GC invocations=46 (full 0):
 garbage-first heap   total 224256K, used 134611K [0x0000000080000000, 0x0000000100000000)
  region size 1024K, 1 young (1024K), 1 survivors (1024K)
 Metaspace       used 90048K, committed 91008K, reserved 557056K
  class space    used 12663K, committed 13120K, reserved 425984K
}
Event: 61.406 GC heap before
{Heap before GC invocations=46 (full 0):
 garbage-first heap   total 224256K, used 180691K [0x0000000080000000, 0x0000000100000000)
  region size 1024K, 46 young (47104K), 1 survivors (1024K)
 Metaspace       used 92421K, committed 93376K, reserved 557056K
  class space    used 12981K, committed 13440K, reserved 425984K
}
Event: 61.417 GC heap after
{Heap after GC invocations=47 (full 0):
 garbage-first heap   total 224256K, used 138332K [0x0000000080000000, 0x0000000100000000)
  region size 1024K, 5 young (5120K), 5 survivors (5120K)
 Metaspace       used 92421K, committed 93376K, reserved 557056K
  class space    used 12981K, committed 13440K, reserved 425984K
}
Event: 62.491 GC heap before
{Heap before GC invocations=48 (full 0):
 garbage-first heap   total 247808K, used 182364K [0x0000000080000000, 0x0000000100000000)
  region size 1024K, 48 young (49152K), 5 survivors (5120K)
 Metaspace       used 94732K, committed 95680K, reserved 557056K
  class space    used 13340K, committed 13760K, reserved 425984K
}
Event: 62.506 GC heap after
{Heap after GC invocations=49 (full 0):
 garbage-first heap   total 247808K, used 140656K [0x0000000080000000, 0x0000000100000000)
  region size 1024K, 3 young (3072K), 3 survivors (3072K)
 Metaspace       used 94732K, committed 95680K, reserved 557056K
  class space    used 13340K, committed 13760K, reserved 425984K
}
Event: 62.663 GC heap before
{Heap before GC invocations=49 (full 0):
 garbage-first heap   total 247808K, used 149872K [0x0000000080000000, 0x0000000100000000)
  region size 1024K, 12 young (12288K), 3 survivors (3072K)
 Metaspace       used 95166K, committed 96128K, reserved 557056K
  class space    used 13398K, committed 13824K, reserved 425984K
}
Event: 62.673 GC heap after
{Heap after GC invocations=50 (full 0):
 garbage-first heap   total 247808K, used 141265K [0x0000000080000000, 0x0000000100000000)
  region size 1024K, 1 young (1024K), 1 survivors (1024K)
 Metaspace       used 95166K, committed 96128K, reserved 557056K
  class space    used 13398K, committed 13824K, reserved 425984K
}
Event: 64.171 GC heap before
{Heap before GC invocations=50 (full 0):
 garbage-first heap   total 247808K, used 201681K [0x0000000080000000, 0x0000000100000000)
  region size 1024K, 60 young (61440K), 1 survivors (1024K)
 Metaspace       used 96479K, committed 97472K, reserved 557056K
  class space    used 13574K, committed 14016K, reserved 425984K
}
Event: 64.196 GC heap after
{Heap after GC invocations=51 (full 0):
 garbage-first heap   total 247808K, used 149160K [0x0000000080000000, 0x0000000100000000)
  region size 1024K, 8 young (8192K), 8 survivors (8192K)
 Metaspace       used 96479K, committed 97472K, reserved 557056K
  class space    used 13574K, committed 14016K, reserved 425984K
}
Event: 64.943 GC heap before
{Heap before GC invocations=51 (full 0):
 garbage-first heap   total 247808K, used 202408K [0x0000000080000000, 0x0000000100000000)
  region size 1024K, 60 young (61440K), 8 survivors (8192K)
 Metaspace       used 96602K, committed 97536K, reserved 557056K
  class space    used 13585K, committed 14016K, reserved 425984K
}
Event: 64.971 GC heap after
{Heap after GC invocations=52 (full 0):
 garbage-first heap   total 247808K, used 158086K [0x0000000080000000, 0x0000000100000000)
  region size 1024K, 8 young (8192K), 8 survivors (8192K)
 Metaspace       used 96602K, committed 97536K, reserved 557056K
  class space    used 13585K, committed 14016K, reserved 425984K
}
Event: 66.708 GC heap before
{Heap before GC invocations=52 (full 0):
 garbage-first heap   total 247808K, used 204166K [0x0000000080000000, 0x0000000100000000)
  region size 1024K, 52 young (53248K), 8 survivors (8192K)
 Metaspace       used 97110K, committed 98176K, reserved 557056K
  class space    used 13643K, committed 14144K, reserved 425984K
}
Event: 66.736 GC heap after
{Heap after GC invocations=53 (full 0):
 garbage-first heap   total 495616K, used 169984K [0x0000000080000000, 0x0000000100000000)
  region size 1024K, 7 young (7168K), 7 survivors (7168K)
 Metaspace       used 97110K, committed 98176K, reserved 557056K
  class space    used 13643K, committed 14144K, reserved 425984K
}
Event: 72.479 GC heap before
{Heap before GC invocations=53 (full 0):
 garbage-first heap   total 495616K, used 362496K [0x0000000080000000, 0x0000000100000000)
  region size 1024K, 193 young (197632K), 7 survivors (7168K)
 Metaspace       used 102628K, committed 103872K, reserved 557056K
  class space    used 14377K, committed 14976K, reserved 425984K
}
Event: 72.546 GC heap after
{Heap after GC invocations=54 (full 0):
 garbage-first heap   total 495616K, used 196590K [0x0000000080000000, 0x0000000100000000)
  region size 1024K, 25 young (25600K), 25 survivors (25600K)
 Metaspace       used 102628K, committed 103872K, reserved 557056K
  class space    used 14377K, committed 14976K, reserved 425984K
}
Event: 76.437 GC heap before
{Heap before GC invocations=54 (full 0):
 garbage-first heap   total 495616K, used 360430K [0x0000000080000000, 0x0000000100000000)
  region size 1024K, 186 young (190464K), 25 survivors (25600K)
 Metaspace       used 103979K, committed 105152K, reserved 557056K
  class space    used 14539K, committed 15104K, reserved 425984K
}
Event: 76.529 GC heap after
{Heap after GC invocations=55 (full 0):
 garbage-first heap   total 495616K, used 211056K [0x0000000080000000, 0x0000000100000000)
  region size 1024K, 15 young (15360K), 15 survivors (15360K)
 Metaspace       used 103979K, committed 105152K, reserved 557056K
  class space    used 14539K, committed 15104K, reserved 425984K
}

