# JRE version: OpenJDK Runtime Environment Microsoft-8035246 (17.0.8+7) (build 17.0.8+7-LTS)
# Java VM: OpenJDK 64-Bit Server VM Microsoft-8035246 (17.0.8+7-LTS, mixed mode, sharing, tiered, compressed oops, compressed class ptrs, g1 gc, windows-amd64)
GC Precious Log:
 CPUs: 4 total, 4 available
 Memory: 20396M
 Large Page Support: Disabled
 NUMA Support: Disabled
 Compressed Oops: Enabled (32-bit)
 Heap Region Size: 1M
 Heap Min Capacity: 8M
 Heap Initial Capacity: 320M
 Heap Max Capacity: 2G
 Pre-touch: Disabled
 Parallel Workers: 4
 Concurrent Workers: 1
 Concurrent Refinement Workers: 4
 Periodic GC: Disabled
Heap:
 garbage-first heap   total 334848K, used 262487K [0x0000000080000000, 0x0000000100000000)
  region size 1024K, 71 young (72704K), 8 survivors (8192K)
 Metaspace       used 108789K, committed 110016K, reserved 557056K
  class space    used 15119K, committed 15680K, reserved 425984K
GC Heap History (20 events):
Event: 32.507 GC heap before
{Heap before GC invocations=33 (full 0):
 garbage-first heap   total 167936K, used 92138K [0x0000000080000000, 0x0000000100000000)
  region size 1024K, 8 young (8192K), 5 survivors (5120K)
 Metaspace       used 77780K, committed 78528K, reserved 557056K
  class space    used 10781K, committed 11136K, reserved 425984K
}
Event: 32.517 GC heap after
{Heap after GC invocations=34 (full 0):
 garbage-first heap   total 167936K, used 89653K [0x0000000080000000, 0x0000000100000000)
  region size 1024K, 1 young (1024K), 1 survivors (1024K)
 Metaspace       used 77780K, committed 78528K, reserved 557056K
  class space    used 10781K, committed 11136K, reserved 425984K
}
Event: 33.345 GC heap before
{Heap before GC invocations=34 (full 0):
 garbage-first heap   total 167936K, used 133685K [0x0000000080000000, 0x0000000100000000)
  region size 1024K, 44 young (45056K), 1 survivors (1024K)
 Metaspace       used 81025K, committed 81856K, reserved 557056K
  class space    used 11212K, committed 11584K, reserved 425984K
}
Event: 33.351 GC heap after
{Heap after GC invocations=35 (full 0):
 garbage-first heap   total 335872K, used 90974K [0x0000000080000000, 0x0000000100000000)
  region size 1024K, 2 young (2048K), 2 survivors (2048K)
 Metaspace       used 81025K, committed 81856K, reserved 557056K
  class space    used 11212K, committed 11584K, reserved 425984K
}
Event: 44.389 GC heap before
{Heap before GC invocations=36 (full 0):
 garbage-first heap   total 334848K, used 253790K [0x0000000080000000, 0x0000000100000000)
  region size 1024K, 160 young (163840K), 2 survivors (2048K)
 Metaspace       used 89243K, committed 90048K, reserved 557056K
  class space    used 12523K, committed 12928K, reserved 425984K
}
Event: 44.410 GC heap after
{Heap after GC invocations=37 (full 0):
 garbage-first heap   total 334848K, used 99192K [0x0000000080000000, 0x0000000100000000)
  region size 1024K, 10 young (10240K), 10 survivors (10240K)
 Metaspace       used 89243K, committed 90048K, reserved 557056K
  class space    used 12523K, committed 12928K, reserved 425984K
}
Event: 44.501 GC heap before
{Heap before GC invocations=37 (full 0):
 garbage-first heap   total 334848K, used 104312K [0x0000000080000000, 0x0000000100000000)
  region size 1024K, 16 young (16384K), 10 survivors (10240K)
 Metaspace       used 89657K, committed 90432K, reserved 557056K
  class space    used 12573K, committed 12928K, reserved 425984K
}
Event: 44.523 GC heap after
{Heap after GC invocations=38 (full 0):
 garbage-first heap   total 334848K, used 99834K [0x0000000080000000, 0x0000000100000000)
  region size 1024K, 2 young (2048K), 2 survivors (2048K)
 Metaspace       used 89657K, committed 90432K, reserved 557056K
  class space    used 12573K, committed 12928K, reserved 425984K
}
Event: 47.835 GC heap before
{Heap before GC invocations=38 (full 0):
 garbage-first heap   total 334848K, used 262650K [0x0000000080000000, 0x0000000100000000)
  region size 1024K, 155 young (158720K), 2 survivors (2048K)
 Metaspace       used 95551K, committed 96512K, reserved 557056K
  class space    used 13358K, committed 13824K, reserved 425984K
}
Event: 47.868 GC heap after
{Heap after GC invocations=39 (full 0):
 garbage-first heap   total 334848K, used 132984K [0x0000000080000000, 0x0000000100000000)
  region size 1024K, 20 young (20480K), 20 survivors (20480K)
 Metaspace       used 95551K, committed 96512K, reserved 557056K
  class space    used 13358K, committed 13824K, reserved 425984K
}
Event: 50.045 GC heap before
{Heap before GC invocations=39 (full 0):
 garbage-first heap   total 334848K, used 255864K [0x0000000080000000, 0x0000000100000000)
  region size 1024K, 140 young (143360K), 20 survivors (20480K)
 Metaspace       used 101419K, committed 102464K, reserved 557056K
  class space    used 14178K, committed 14656K, reserved 425984K
}
Event: 50.080 GC heap after
{Heap after GC invocations=40 (full 0):
 garbage-first heap   total 334848K, used 141907K [0x0000000080000000, 0x0000000100000000)
  region size 1024K, 9 young (9216K), 9 survivors (9216K)
 Metaspace       used 101419K, committed 102464K, reserved 557056K
  class space    used 14178K, committed 14656K, reserved 425984K
}
Event: 51.852 GC heap before
{Heap before GC invocations=40 (full 0):
 garbage-first heap   total 334848K, used 263763K [0x0000000080000000, 0x0000000100000000)
  region size 1024K, 126 young (129024K), 9 survivors (9216K)
 Metaspace       used 102111K, committed 103168K, reserved 557056K
  class space    used 14251K, committed 14720K, reserved 425984K
}
Event: 51.897 GC heap after
{Heap after GC invocations=41 (full 0):
 garbage-first heap   total 334848K, used 165752K [0x0000000080000000, 0x0000000100000000)
  region size 1024K, 16 young (16384K), 16 survivors (16384K)
 Metaspace       used 102111K, committed 103168K, reserved 557056K
  class space    used 14251K, committed 14720K, reserved 425984K
}
Event: 54.234 GC heap before
{Heap before GC invocations=41 (full 0):
 garbage-first heap   total 334848K, used 263032K [0x0000000080000000, 0x0000000100000000)
  region size 1024K, 110 young (112640K), 16 survivors (16384K)
 Metaspace       used 106012K, committed 107264K, reserved 557056K
  class space    used 14798K, committed 15360K, reserved 425984K
}
Event: 54.283 GC heap after
{Heap after GC invocations=42 (full 0):
 garbage-first heap   total 334848K, used 181624K [0x0000000080000000, 0x0000000100000000)
  region size 1024K, 13 young (13312K), 13 survivors (13312K)
 Metaspace       used 106012K, committed 107264K, reserved 557056K
  class space    used 14798K, committed 15360K, reserved 425984K
}
Event: 56.064 GC heap before
{Heap before GC invocations=42 (full 0):
 garbage-first heap   total 334848K, used 265592K [0x0000000080000000, 0x0000000100000000)
  region size 1024K, 95 young (97280K), 13 survivors (13312K)
 Metaspace       used 107543K, committed 108736K, reserved 557056K
  class space    used 14955K, committed 15488K, reserved 425984K
}
Event: 56.125 GC heap after
{Heap after GC invocations=43 (full 0):
 garbage-first heap   total 334848K, used 191864K [0x0000000080000000, 0x0000000100000000)
  region size 1024K, 10 young (10240K), 10 survivors (10240K)
 Metaspace       used 107543K, committed 108736K, reserved 557056K
  class space    used 14955K, committed 15488K, reserved 425984K
}
Event: 57.909 GC heap before
{Heap before GC invocations=43 (full 0):
 garbage-first heap   total 334848K, used 268664K [0x0000000080000000, 0x0000000100000000)
  region size 1024K, 86 young (88064K), 10 survivors (10240K)
 Metaspace       used 108678K, committed 109888K, reserved 557056K
  class space    used 15112K, committed 15680K, reserved 425984K
}
Event: 57.960 GC heap after
{Heap after GC invocations=44 (full 0):
 garbage-first heap   total 334848K, used 200023K [0x0000000080000000, 0x0000000100000000)
  region size 1024K, 8 young (8192K), 8 survivors (8192K)
 Metaspace       used 108678K, committed 109888K, reserved 557056K
  class space    used 15112K, committed 15680K, reserved 425984K
}

