# JRE version: OpenJDK Runtime Environment Microsoft-8035246 (17.0.8+7) (build 17.0.8+7-LTS)
# Java VM: OpenJDK 64-Bit Server VM Microsoft-8035246 (17.0.8+7-LTS, mixed mode, sharing, tiered, compressed oops, compressed class ptrs, g1 gc, windows-amd64)
GC Precious Log:
 CPUs: 4 total, 4 available
 Memory: 20396M
 Large Page Support: Disabled
 NUMA Support: Disabled
 Compressed Oops: Enabled (32-bit)
 Heap Region Size: 1M
 Heap Min Capacity: 8M
 Heap Initial Capacity: 320M
 Heap Max Capacity: 2G
 Pre-touch: Disabled
 Parallel Workers: 4
 Concurrent Workers: 1
 Concurrent Refinement Workers: 4
 Periodic GC: Disabled
Heap:
 garbage-first heap   total 410624K, used 274432K [0x0000000080000000, 0x0000000100000000)
  region size 1024K, 73 young (74752K), 14 survivors (14336K)
 Metaspace       used 104137K, committed 105344K, reserved 557056K
  class space    used 14570K, committed 15168K, reserved 425984K
GC Heap History (20 events):
Event: 41.768 GC heap before
{Heap before GC invocations=33 (full 0):
 garbage-first heap   total 173056K, used 88784K [0x0000000080000000, 0x0000000100000000)
  region size 1024K, 8 young (8192K), 6 survivors (6144K)
 Metaspace       used 73301K, committed 73984K, reserved 491520K
  class space    used 10229K, committed 10560K, reserved 425984K
}
Event: 41.776 GC heap after
{Heap after GC invocations=34 (full 0):
 garbage-first heap   total 173056K, used 86973K [0x0000000080000000, 0x0000000100000000)
  region size 1024K, 1 young (1024K), 1 survivors (1024K)
 Metaspace       used 73301K, committed 73984K, reserved 491520K
  class space    used 10229K, committed 10560K, reserved 425984K
}
Event: 42.699 GC heap before
{Heap before GC invocations=34 (full 0):
 garbage-first heap   total 173056K, used 136125K [0x0000000080000000, 0x0000000100000000)
  region size 1024K, 49 young (50176K), 1 survivors (1024K)
 Metaspace       used 76939K, committed 77696K, reserved 557056K
  class space    used 10708K, committed 11072K, reserved 425984K
}
Event: 42.706 GC heap after
{Heap after GC invocations=35 (full 0):
 garbage-first heap   total 173056K, used 88782K [0x0000000080000000, 0x0000000100000000)
  region size 1024K, 3 young (3072K), 3 survivors (3072K)
 Metaspace       used 76939K, committed 77696K, reserved 557056K
  class space    used 10708K, committed 11072K, reserved 425984K
}
Event: 52.355 GC heap before
{Heap before GC invocations=36 (full 0):
 garbage-first heap   total 173056K, used 137934K [0x0000000080000000, 0x0000000100000000)
  region size 1024K, 51 young (52224K), 3 survivors (3072K)
 Metaspace       used 77553K, committed 78336K, reserved 557056K
  class space    used 10812K, committed 11200K, reserved 425984K
}
Event: 52.370 GC heap after
{Heap after GC invocations=37 (full 0):
 garbage-first heap   total 173056K, used 92950K [0x0000000080000000, 0x0000000100000000)
  region size 1024K, 7 young (7168K), 7 survivors (7168K)
 Metaspace       used 77553K, committed 78336K, reserved 557056K
  class space    used 10812K, committed 11200K, reserved 425984K
}
Event: 52.390 GC heap before
{Heap before GC invocations=37 (full 0):
 garbage-first heap   total 173056K, used 93974K [0x0000000080000000, 0x0000000100000000)
  region size 1024K, 8 young (8192K), 7 survivors (7168K)
 Metaspace       used 77616K, committed 78336K, reserved 557056K
  class space    used 10824K, committed 11200K, reserved 425984K
}
Event: 52.401 GC heap after
{Heap after GC invocations=38 (full 0):
 garbage-first heap   total 173056K, used 93514K [0x0000000080000000, 0x0000000100000000)
  region size 1024K, 1 young (1024K), 1 survivors (1024K)
 Metaspace       used 77616K, committed 78336K, reserved 557056K
  class space    used 10824K, committed 11200K, reserved 425984K
}
Event: 53.302 GC heap before
{Heap before GC invocations=38 (full 0):
 garbage-first heap   total 173056K, used 141642K [0x0000000080000000, 0x0000000100000000)
  region size 1024K, 47 young (48128K), 1 survivors (1024K)
 Metaspace       used 80735K, committed 81536K, reserved 557056K
  class space    used 11269K, committed 11648K, reserved 425984K
}
Event: 53.308 GC heap after
{Heap after GC invocations=39 (full 0):
 garbage-first heap   total 410624K, used 94115K [0x0000000080000000, 0x0000000100000000)
  region size 1024K, 2 young (2048K), 2 survivors (2048K)
 Metaspace       used 80735K, committed 81536K, reserved 557056K
  class space    used 11269K, committed 11648K, reserved 425984K
}
Event: 58.539 GC heap before
{Heap before GC invocations=39 (full 0):
 garbage-first heap   total 410624K, used 300963K [0x0000000080000000, 0x0000000100000000)
  region size 1024K, 200 young (204800K), 2 survivors (2048K)
 Metaspace       used 89991K, committed 90880K, reserved 557056K
  class space    used 12651K, committed 13056K, reserved 425984K
}
Event: 58.587 GC heap after
{Heap after GC invocations=40 (full 0):
 garbage-first heap   total 410624K, used 126140K [0x0000000080000000, 0x0000000100000000)
  region size 1024K, 25 young (25600K), 25 survivors (25600K)
 Metaspace       used 89991K, committed 90880K, reserved 557056K
  class space    used 12651K, committed 13056K, reserved 425984K
}
Event: 62.095 GC heap before
{Heap before GC invocations=40 (full 0):
 garbage-first heap   total 410624K, used 306364K [0x0000000080000000, 0x0000000100000000)
  region size 1024K, 199 young (203776K), 25 survivors (25600K)
 Metaspace       used 96555K, committed 97536K, reserved 557056K
  class space    used 13579K, committed 14080K, reserved 425984K
}
Event: 62.150 GC heap after
{Heap after GC invocations=41 (full 0):
 garbage-first heap   total 410624K, used 148835K [0x0000000080000000, 0x0000000100000000)
  region size 1024K, 20 young (20480K), 20 survivors (20480K)
 Metaspace       used 96555K, committed 97536K, reserved 557056K
  class space    used 13579K, committed 14080K, reserved 425984K
}
Event: 65.763 GC heap before
{Heap before GC invocations=41 (full 0):
 garbage-first heap   total 410624K, used 311651K [0x0000000080000000, 0x0000000100000000)
  region size 1024K, 176 young (180224K), 20 survivors (20480K)
 Metaspace       used 97755K, committed 98816K, reserved 557056K
  class space    used 13722K, committed 14208K, reserved 425984K
}
Event: 65.832 GC heap after
{Heap after GC invocations=42 (full 0):
 garbage-first heap   total 410624K, used 181248K [0x0000000080000000, 0x0000000100000000)
  region size 1024K, 22 young (22528K), 22 survivors (22528K)
 Metaspace       used 97755K, committed 98816K, reserved 557056K
  class space    used 13722K, committed 14208K, reserved 425984K
}
Event: 68.913 GC heap before
{Heap before GC invocations=42 (full 0):
 garbage-first heap   total 410624K, used 313344K [0x0000000080000000, 0x0000000100000000)
  region size 1024K, 151 young (154624K), 22 survivors (22528K)
 Metaspace       used 102699K, committed 103936K, reserved 557056K
  class space    used 14383K, committed 14976K, reserved 425984K
}
Event: 68.990 GC heap after
{Heap after GC invocations=43 (full 0):
 garbage-first heap   total 410624K, used 197120K [0x0000000080000000, 0x0000000100000000)
  region size 1024K, 14 young (14336K), 14 survivors (14336K)
 Metaspace       used 102699K, committed 103936K, reserved 557056K
  class space    used 14383K, committed 14976K, reserved 425984K
}
Event: 71.738 GC heap before
{Heap before GC invocations=43 (full 0):
 garbage-first heap   total 410624K, used 318976K [0x0000000080000000, 0x0000000100000000)
  region size 1024K, 134 young (137216K), 14 survivors (14336K)
 Metaspace       used 104107K, committed 105344K, reserved 557056K
  class space    used 14570K, committed 15168K, reserved 425984K
}
Event: 71.792 GC heap after
{Heap after GC invocations=44 (full 0):
 garbage-first heap   total 410624K, used 210944K [0x0000000080000000, 0x0000000100000000)
  region size 1024K, 14 young (14336K), 14 survivors (14336K)
 Metaspace       used 104107K, committed 105344K, reserved 557056K
  class space    used 14570K, committed 15168K, reserved 425984K
}

